#
# A fatal error has been detected by the Java Runtime Environment:
#
#  SIGSEGV (0xb) at pc=0x00007f255400e7e0, pid=11847, tid=139799142733568
#
# JRE version: Java(TM) SE Runtime Environment (8.0_05-b13) (build 1.8.0_05-b13)
# Java VM: Java HotSpot(TM) 64-Bit Server VM (25.5-b02 mixed mode linux-amd64 compressed oops)
# Problematic frame:
# C  0x00007f255400e7e0
#
# Failed to write core dump. Core dumps have been disabled. To enable core dumping, try "ulimit -c unlimited" before starting Java again
#
# If you would like to submit a bug report, please visit:
#   http://bugreport.sun.com/bugreport/crash.jsp
#

---------------  T H R E A D  ---------------

Current thread (0x00007f25a40c3800):  JavaThread "JDWP Transport Listener: dt_socket" daemon [_thread_in_vm, id=11869, stack(0x00007f25862e1000,0x00007f25863e2000)]

siginfo:si_signo=SIGSEGV: si_errno=0, si_code=2 (SEGV_ACCERR), si_addr=0x00007f255400e7e0

Registers:
RAX=0x00007f2554000088, RBX=0x00007f2554000098, RCX=0x00007f25acdb8320, RDX=0x00007f25ac3941e0
RSP=0x00007f25863e0838, RBP=0x00007f25863e0850, RSI=0x00007f25a40c3800, RDI=0x00007f2554000098
R8 =0x0000000000000000, R9 =0x00007f255400e060, R10=0x0000000000000030, R11=0x00007f25ac5467b0
R12=0x0000000000000017, R13=0x00007f25540000a8, R14=0x00007f25a40c3800, R15=0x00007f25863e0957
RIP=0x00007f255400e7e0, EFLAGS=0x0000000000010202, CSGSFS=0x0000000000000033, ERR=0x0000000000000015
  TRAPNO=0x000000000000000e

Top of Stack: (sp=0x00007f25863e0838)
0x00007f25863e0838:   00007f25abcc9287 0000000000000074
0x00007f25863e0848:   00007f25a4004250 00007f25863e08c0
0x00007f25863e0858:   00007f25abb656ce 00007f255400e060
0x00007f25863e0868:   00007f25863e0870 00007f25a40c3800
0x00007f25863e0878:   0000000000000000 00007f2500000000
0x00007f25863e0888:   0000000000000000 00007f25863e08b0
0x00007f25863e0898:   00007f25aab51d60 00007f25540000a8
0x00007f25863e08a8:   00007f25863e0957 0000000000000007
0x00007f25863e08b8:   00007f25863e0957 00007f25863e08f0
0x00007f25863e08c8:   00007f25aa93d872 00007f25863e08f0
0x00007f25863e08d8:   00007f25540000a8 00007f25863e09c0
0x00007f25863e08e8:   0000000000000038 00007f25863e0980
0x00007f25863e08f8:   00007f25aa91ea60 00007f25863e0938
0x00007f25863e0908:   00007f25863e0930 00007f25863e0928
0x00007f25863e0918:   00007f25863e094c 0000000154002f90
0x00007f25863e0928:   0000000000000000 0000000000000000
0x00007f25863e0938:   0000000000000000 00007f255400e240
0x00007f25863e0948:   0000000a863e09c0 0000000000000008
0x00007f25863e0958:   0000000000000002 000000000000000f
0x00007f25863e0968:   0000000000000002 00000000000f0200
0x00007f25863e0978:   000000000000000f 00007f25863e0bd0
0x00007f25863e0988:   00007f25aa929976 0000067b00000013
0x00007f25863e0998:   00007f25ab0f0200 00007f254c000fb0
0x00007f25863e09a8:   0000000000000000 00007f25863e09c0
0x00007f25863e09b8:   00007f25863e0b50 00007f255400e630
0x00007f25863e09c8:   00007f25000001b8 00007f255400dde0
0x00007f25863e09d8:   000000000000012c 00007f25863e0a10
0x00007f25863e09e8:   00007f255400dde0 00007f0000000000
0x00007f25863e09f8:   0000067b0000001c 00007f2500000b80
0x00007f25863e0a08:   00007f25863e0a10 257f000008000000
0x00007f25863e0a18:   0a000000e0560054 6973726556646c6f
0x00007f25863e0a28:   4c281a0000006e6f 656269682f67726f 

Instructions: (pc=0x00007f255400e7e0)
0x00007f255400e7c0:   50 b0 67 a4 25 7f 00 00 58 b0 67 a4 25 7f 00 00
0x00007f255400e7d0:   60 b0 67 a4 25 7f 00 00 68 b0 67 a4 25 7f 00 00
0x00007f255400e7e0:   70 b0 67 a4 25 7f 00 00 11 03 00 00 00 00 00 00
0x00007f255400e7f0:   78 00 00 54 25 7f 00 00 78 00 00 54 25 7f 00 00 

Register to memory mapping:

RAX=0x00007f2554000088 is an unknown value
RBX=0x00007f2554000098 is an unknown value
RCX=0x00007f25acdb8320: <offset 0x219320> in /lib/x86_64-linux-gnu/libpthread.so.0 at 0x00007f25acb9f000
RDX=0x00007f25ac3941e0: <offset 0xef91e0> in /media/work/dev/sdk/jdk/jdk1.8.0_05/jre/lib/amd64/server/libjvm.so at 0x00007f25ab49b000
RSP=0x00007f25863e0838 is pointing into the stack for thread: 0x00007f25a40c3800
RBP=0x00007f25863e0850 is pointing into the stack for thread: 0x00007f25a40c3800
RSI=0x00007f25a40c3800 is a thread
RDI=0x00007f2554000098 is an unknown value
R8 =0x0000000000000000 is an unknown value
R9 =0x00007f255400e060 is an unknown value
R10=0x0000000000000030 is an unknown value
R11=0x00007f25ac5467b0: <offset 0x1887b0> in /lib/x86_64-linux-gnu/libc.so.6 at 0x00007f25ac3be000
R12=0x0000000000000017 is an unknown value
R13=0x00007f25540000a8 is an unknown value
R14=0x00007f25a40c3800 is a thread
R15=0x00007f25863e0957 is pointing into the stack for thread: 0x00007f25a40c3800


Stack: [0x00007f25862e1000,0x00007f25863e2000],  sp=0x00007f25863e0838,  free space=1022k
Native frames: (J=compiled Java code, j=interpreted, Vv=VM code, C=native code)
C  0x00007f255400e7e0
V  [libjvm.so+0x6ca6ce]  jvmti_IsMethodSynthetic+0x29e
C  [libjdwp.so+0x25872]  isMethodSynthetic+0x42
C  [libjdwp.so+0x6a60]  methods1+0x1b0
C  [libjdwp.so+0x11976]  debugLoop_run+0x2b6
C  [libjdwp.so+0x247af]  attachThread+0x2f
V  [libjvm.so+0x736402]  JvmtiAgentThread::call_start_function()+0xc2
V  [libjvm.so+0x9e303f]  JavaThread::thread_main_inner()+0xdf
V  [libjvm.so+0x9e3205]  JavaThread::run()+0x1b5
V  [libjvm.so+0x8a00c8]  java_start(Thread*)+0x108


---------------  P R O C E S S  ---------------

Java Threads: ( => current thread )
  0x00007f25a400d000 JavaThread "DestroyJavaVM" [_thread_blocked, id=11849, stack(0x00007f25aceb7000,0x00007f25acfb8000)]
  0x00007f25a44d4000 JavaThread "pool-1-thread-1" [_thread_blocked, id=11884, stack(0x00007f25854c1000,0x00007f25855c2000)]
  0x00007f25a455c800 JavaThread "MySQL Statement Cancellation Timer" daemon [_thread_blocked, id=11883, stack(0x00007f25857d8000,0x00007f25858d9000)]
  0x00007f25a40d5000 JavaThread "Service Thread" daemon [_thread_blocked, id=11880, stack(0x00007f2585bda000,0x00007f2585cdb000)]
  0x00007f25a40cf800 JavaThread "C1 CompilerThread3" daemon [_thread_blocked, id=11879, stack(0x00007f2585cdb000,0x00007f2585ddc000)]
  0x00007f25a40ce000 JavaThread "C2 CompilerThread2" daemon [_thread_blocked, id=11878, stack(0x00007f2585ddc000,0x00007f2585edd000)]
  0x00007f25a40cc000 JavaThread "C2 CompilerThread1" daemon [_thread_blocked, id=11877, stack(0x00007f2585edd000,0x00007f2585fde000)]
  0x00007f25a40c9000 JavaThread "C2 CompilerThread0" daemon [_thread_blocked, id=11876, stack(0x00007f2585fde000,0x00007f25860df000)]
  0x00007f2554001000 JavaThread "JDWP Command Reader" daemon [_thread_in_native, id=11873, stack(0x00007f25860df000,0x00007f25861e0000)]
  0x00007f25a40c7000 JavaThread "JDWP Event Helper Thread" daemon [_thread_blocked, id=11872, stack(0x00007f25861e0000,0x00007f25862e1000)]
=>0x00007f25a40c3800 JavaThread "JDWP Transport Listener: dt_socket" daemon [_thread_in_vm, id=11869, stack(0x00007f25862e1000,0x00007f25863e2000)]
  0x00007f25a40b6000 JavaThread "Signal Dispatcher" daemon [_thread_blocked, id=11866, stack(0x00007f25865e6000,0x00007f25866e7000)]
  0x00007f25a4087800 JavaThread "Finalizer" daemon [_thread_blocked, id=11865, stack(0x00007f25866e7000,0x00007f25867e8000)]
  0x00007f25a4083800 JavaThread "Reference Handler" daemon [_thread_blocked, id=11864, stack(0x00007f25867e8000,0x00007f25868e9000)]

Other Threads:
  0x00007f25a407e800 VMThread [stack: 0x00007f25868e9000,0x00007f25869ea000] [id=11863]
  0x00007f25a40d7800 WatcherThread [stack: 0x00007f2585ad9000,0x00007f2585bda000] [id=11881]

VM state:not at safepoint (normal execution)

VM Mutex/Monitor currently owned by a thread: None

Heap:
 PSYoungGen      total 23040K, used 20170K [0x00000000d6a00000, 0x00000000d8500000, 0x0000000100000000)
  eden space 19968K, 89% used [0x00000000d6a00000,0x00000000d7b62ed0,0x00000000d7d80000)
  from space 3072K, 77% used [0x00000000d8100000,0x00000000d834fa88,0x00000000d8400000)
  to   space 3584K, 0% used [0x00000000d7d80000,0x00000000d7d80000,0x00000000d8100000)
 ParOldGen       total 127488K, used 5694K [0x0000000083e00000, 0x000000008ba80000, 0x00000000d6a00000)
  object space 127488K, 4% used [0x0000000083e00000,0x000000008438fae0,0x000000008ba80000)
 Metaspace       used 18113K, capacity 18218K, committed 18432K, reserved 1064960K
  class space    used 2272K, capacity 2301K, committed 2304K, reserved 1048576K

Card table byte_map: [0x00007f25a8e30000,0x00007f25a9212000] byte_map_base: 0x00007f25a8a11000

Marking Bits: (ParMarkBitMap*) 0x00007f25ac393cc0
 Begin Bits: [0x00007f258c1f0000, 0x00007f258e0f8000)
 End Bits:   [0x00007f258e0f8000, 0x00007f2590000000)

Polling page: 0x00007f25acfdc000

CodeCache: size=245760Kb used=3979Kb max_used=4006Kb free=241780Kb
 bounds [0x00007f2595000000, 0x00007f25953f0000, 0x00007f25a4000000]
 total_blobs=1584 nmethods=1155 adapters=352
 compilation: enabled

Compilation events (10 events):
Event: 1,250 Thread 0x00007f25a40cf800 nmethod 1153 0x00007f25953d9850 code [0x00007f25953d99a0, 0x00007f25953d9ab0]
Event: 1,250 Thread 0x00007f25a40cf800 1154       3       java.util.regex.Pattern$Node::match (27 bytes)
Event: 1,251 Thread 0x00007f25a40cf800 nmethod 1154 0x00007f25953db510 code [0x00007f25953db680, 0x00007f25953db830]
Event: 1,251 Thread 0x00007f25a40ce000 nmethod 1148 0x00007f25953db990 code [0x00007f25953dbb00, 0x00007f25953dbdc8]
Event: 1,252 Thread 0x00007f25a40cc000 nmethod 1151 0x00007f25953dbfd0 code [0x00007f25953dc140, 0x00007f25953dc3d8]
Event: 1,276 Thread 0x00007f25a40c9000 nmethod 1029 0x00007f25953e2750 code [0x00007f25953e2ce0, 0x00007f25953e75a8]
Event: 10,511 Thread 0x00007f25a40cf800 1155       3       java.nio.ByteBuffer::arrayOffset (35 bytes)
Event: 10,511 Thread 0x00007f25a40cf800 nmethod 1155 0x00007f25953d9250 code [0x00007f25953d93e0, 0x00007f25953d96f8]
Event: 420,728 Thread 0x00007f25a40cf800 1156       3       java.lang.Thread::interrupted (8 bytes)
Event: 420,729 Thread 0x00007f25a40cf800 nmethod 1156 0x00007f25953d8e90 code [0x00007f25953d9000, 0x00007f25953d9188]

GC Heap History (10 events):
Event: 0,193 GC heap before
{Heap before GC invocations=8 (full 0):
 PSYoungGen      total 5120K, used 4404K [0x00000000d6a00000, 0x00000000d7400000, 0x0000000100000000)
  eden space 4096K, 100% used [0x00000000d6a00000,0x00000000d6e00000,0x00000000d6e00000)
  from space 1024K, 30% used [0x00000000d6e00000,0x00000000d6e4d018,0x00000000d6f00000)
  to   space 1024K, 0% used [0x00000000d7300000,0x00000000d7300000,0x00000000d7400000)
 ParOldGen       total 127488K, used 679K [0x0000000083e00000, 0x000000008ba80000, 0x00000000d6a00000)
  object space 127488K, 0% used [0x0000000083e00000,0x0000000083ea9fe8,0x000000008ba80000)
 Metaspace       used 2809K, capacity 4490K, committed 4864K, reserved 1056768K
  class space    used 302K, capacity 386K, committed 512K, reserved 1048576K
Event: 0,194 GC heap after
Heap after GC invocations=8 (full 0):
 PSYoungGen      total 9216K, used 214K [0x00000000d6a00000, 0x00000000d7400000, 0x0000000100000000)
  eden space 8192K, 0% used [0x00000000d6a00000,0x00000000d6a00000,0x00000000d7200000)
  from space 1024K, 20% used [0x00000000d7300000,0x00000000d7335a18,0x00000000d7400000)
  to   space 1024K, 0% used [0x00000000d7200000,0x00000000d7200000,0x00000000d7300000)
 ParOldGen       total 127488K, used 775K [0x0000000083e00000, 0x000000008ba80000, 0x00000000d6a00000)
  object space 127488K, 0% used [0x0000000083e00000,0x0000000083ec1db0,0x000000008ba80000)
 Metaspace       used 2809K, capacity 4490K, committed 4864K, reserved 1056768K
  class space    used 302K, capacity 386K, committed 512K, reserved 1048576K
}
Event: 0,343 GC heap before
{Heap before GC invocations=9 (full 0):
 PSYoungGen      total 9216K, used 8399K [0x00000000d6a00000, 0x00000000d7400000, 0x0000000100000000)
  eden space 8192K, 99% used [0x00000000d6a00000,0x00000000d71fe2c0,0x00000000d7200000)
  from space 1024K, 20% used [0x00000000d7300000,0x00000000d7335a18,0x00000000d7400000)
  to   space 1024K, 0% used [0x00000000d7200000,0x00000000d7200000,0x00000000d7300000)
 ParOldGen       total 127488K, used 775K [0x0000000083e00000, 0x000000008ba80000, 0x00000000d6a00000)
  object space 127488K, 0% used [0x0000000083e00000,0x0000000083ec1db0,0x000000008ba80000)
 Metaspace       used 5724K, capacity 6184K, committed 6400K, reserved 1056768K
  class space    used 679K, capacity 724K, committed 768K, reserved 1048576K
Event: 0,345 GC heap after
Heap after GC invocations=9 (full 0):
 PSYoungGen      total 9216K, used 998K [0x00000000d6a00000, 0x00000000d7a00000, 0x0000000100000000)
  eden space 8192K, 0% used [0x00000000d6a00000,0x00000000d6a00000,0x00000000d7200000)
  from space 1024K, 97% used [0x00000000d7200000,0x00000000d72f9ae8,0x00000000d7300000)
  to   space 1536K, 0% used [0x00000000d7880000,0x00000000d7880000,0x00000000d7a00000)
 ParOldGen       total 127488K, used 1757K [0x0000000083e00000, 0x000000008ba80000, 0x00000000d6a00000)
  object space 127488K, 1% used [0x0000000083e00000,0x0000000083fb7428,0x000000008ba80000)
 Metaspace       used 5724K, capacity 6184K, committed 6400K, reserved 1056768K
  class space    used 679K, capacity 724K, committed 768K, reserved 1048576K
}
Event: 0,494 GC heap before
{Heap before GC invocations=10 (full 0):
 PSYoungGen      total 9216K, used 9190K [0x00000000d6a00000, 0x00000000d7a00000, 0x0000000100000000)
  eden space 8192K, 100% used [0x00000000d6a00000,0x00000000d7200000,0x00000000d7200000)
  from space 1024K, 97% used [0x00000000d7200000,0x00000000d72f9ae8,0x00000000d7300000)
  to   space 1536K, 0% used [0x00000000d7880000,0x00000000d7880000,0x00000000d7a00000)
 ParOldGen       total 127488K, used 1757K [0x0000000083e00000, 0x000000008ba80000, 0x00000000d6a00000)
  object space 127488K, 1% used [0x0000000083e00000,0x0000000083fb7428,0x000000008ba80000)
 Metaspace       used 8445K, capacity 8562K, committed 8832K, reserved 1056768K
  class space    used 1067K, capacity 1109K, committed 1152K, reserved 1048576K
Event: 0,497 GC heap after
Heap after GC invocations=10 (full 0):
 PSYoungGen      total 14336K, used 1535K [0x00000000d6a00000, 0x00000000d7b00000, 0x0000000100000000)
  eden space 12800K, 0% used [0x00000000d6a00000,0x00000000d6a00000,0x00000000d7680000)
  from space 1536K, 99% used [0x00000000d7880000,0x00000000d79ffcd8,0x00000000d7a00000)
  to   space 2048K, 0% used [0x00000000d7680000,0x00000000d7680000,0x00000000d7880000)
 ParOldGen       total 127488K, used 2530K [0x0000000083e00000, 0x000000008ba80000, 0x00000000d6a00000)
  object space 127488K, 1% used [0x0000000083e00000,0x0000000084078850,0x000000008ba80000)
 Metaspace       used 8445K, capacity 8562K, committed 8832K, reserved 1056768K
  class space    used 1067K, capacity 1109K, committed 1152K, reserved 1048576K
}
Event: 0,814 GC heap before
{Heap before GC invocations=11 (full 0):
 PSYoungGen      total 14336K, used 14335K [0x00000000d6a00000, 0x00000000d7b00000, 0x0000000100000000)
  eden space 12800K, 100% used [0x00000000d6a00000,0x00000000d7680000,0x00000000d7680000)
  from space 1536K, 99% used [0x00000000d7880000,0x00000000d79ffcd8,0x00000000d7a00000)
  to   space 2048K, 0% used [0x00000000d7680000,0x00000000d7680000,0x00000000d7880000)
 ParOldGen       total 127488K, used 2530K [0x0000000083e00000, 0x000000008ba80000, 0x00000000d6a00000)
  object space 127488K, 1% used [0x0000000083e00000,0x0000000084078850,0x000000008ba80000)
 Metaspace       used 12502K, capacity 12626K, committed 12928K, reserved 1060864K
  class space    used 1544K, capacity 1589K, committed 1664K, reserved 1048576K
Event: 0,817 GC heap after
Heap after GC invocations=11 (full 0):
 PSYoungGen      total 14848K, used 2043K [0x00000000d6a00000, 0x00000000d8400000, 0x0000000100000000)
  eden space 12800K, 0% used [0x00000000d6a00000,0x00000000d6a00000,0x00000000d7680000)
  from space 2048K, 99% used [0x00000000d7680000,0x00000000d787ef48,0x00000000d7880000)
  to   space 3072K, 0% used [0x00000000d8100000,0x00000000d8100000,0x00000000d8400000)
 ParOldGen       total 127488K, used 4402K [0x0000000083e00000, 0x000000008ba80000, 0x00000000d6a00000)
  object space 127488K, 3% used [0x0000000083e00000,0x000000008424ca60,0x000000008ba80000)
 Metaspace       used 12502K, capacity 12626K, committed 12928K, reserved 1060864K
  class space    used 1544K, capacity 1589K, committed 1664K, reserved 1048576K
}
Event: 1,002 GC heap before
{Heap before GC invocations=12 (full 0):
 PSYoungGen      total 14848K, used 14843K [0x00000000d6a00000, 0x00000000d8400000, 0x0000000100000000)
  eden space 12800K, 100% used [0x00000000d6a00000,0x00000000d7680000,0x00000000d7680000)
  from space 2048K, 99% used [0x00000000d7680000,0x00000000d787ef48,0x00000000d7880000)
  to   space 3072K, 0% used [0x00000000d8100000,0x00000000d8100000,0x00000000d8400000)
 ParOldGen       total 127488K, used 4402K [0x0000000083e00000, 0x000000008ba80000, 0x00000000d6a00000)
  object space 127488K, 3% used [0x0000000083e00000,0x000000008424ca60,0x000000008ba80000)
 Metaspace       used 14707K, capacity 14904K, committed 14976K, reserved 1062912K
  class space    used 1848K, capacity 1878K, committed 1920K, reserved 1048576K
Event: 1,013 GC heap after
Heap after GC invocations=12 (full 0):
 PSYoungGen      total 23040K, used 2366K [0x00000000d6a00000, 0x00000000d8500000, 0x0000000100000000)
  eden space 19968K, 0% used [0x00000000d6a00000,0x00000000d6a00000,0x00000000d7d80000)
  from space 3072K, 77% used [0x00000000d8100000,0x00000000d834fa88,0x00000000d8400000)
  to   space 3584K, 0% used [0x00000000d7d80000,0x00000000d7d80000,0x00000000d8100000)
 ParOldGen       total 127488K, used 5694K [0x0000000083e00000, 0x000000008ba80000, 0x00000000d6a00000)
  object space 127488K, 4% used [0x0000000083e00000,0x000000008438fae0,0x000000008ba80000)
 Metaspace       used 14707K, capacity 14904K, committed 14976K, reserved 1062912K
  class space    used 1848K, capacity 1878K, committed 1920K, reserved 1048576K
}

Deoptimization events (10 events):
Event: 0,734 Thread 0x00007f25a400d000 Uncommon trap: reason=unreached action=reinterpret pc=0x00007f25951d9c58 method=java.lang.AbstractStringBuilder.append(Ljava/lang/String;)Ljava/lang/AbstractStringBuilder; @ 1
Event: 0,871 Thread 0x00007f25a400d000 Uncommon trap: reason=range_check action=make_not_entrant pc=0x00007f25953279b0 method=sun.reflect.generics.parser.SignatureParser.current()C @ 34
Event: 0,872 Thread 0x00007f25a400d000 Uncommon trap: reason=range_check action=none pc=0x00007f259532d8a4 method=sun.reflect.generics.parser.SignatureParser.current()C @ 34
Event: 0,875 Thread 0x00007f25a400d000 Uncommon trap: reason=range_check action=none pc=0x00007f259532d8a4 method=sun.reflect.generics.parser.SignatureParser.current()C @ 34
Event: 0,875 Thread 0x00007f25a400d000 Uncommon trap: reason=range_check action=none pc=0x00007f259532d8a4 method=sun.reflect.generics.parser.SignatureParser.current()C @ 34
Event: 0,992 Thread 0x00007f25a400d000 Uncommon trap: reason=range_check action=none pc=0x00007f259532d8a4 method=sun.reflect.generics.parser.SignatureParser.current()C @ 34
Event: 0,992 Thread 0x00007f25a400d000 Uncommon trap: reason=range_check action=none pc=0x00007f259532d8a4 method=sun.reflect.generics.parser.SignatureParser.current()C @ 34
Event: 1,124 Thread 0x00007f25a400d000 Uncommon trap: reason=unreached action=reinterpret pc=0x00007f2595232740 method=java.util.HashMap.getNode(ILjava/lang/Object;)Ljava/util/HashMap$Node; @ 84
Event: 1,125 Thread 0x00007f25a400d000 Uncommon trap: reason=unreached action=reinterpret pc=0x00007f259521a37c method=java.util.HashMap.getNode(ILjava/lang/Object;)Ljava/util/HashMap$Node; @ 84
Event: 1,125 Thread 0x00007f25a400d000 Uncommon trap: reason=unreached action=reinterpret pc=0x00007f259532b5c4 method=java.util.HashMap.putVal(ILjava/lang/Object;Ljava/lang/Object;ZZ)Ljava/lang/Object; @ 109

Internal exceptions (10 events):
Event: 1,241 Thread 0x00007f25a400d000 Exception <a 'java/security/PrivilegedActionException'> (0x00000000d7a76eb8) thrown at [/HUDSON/workspace/8-2-build-linux-amd64/jdk8u5/2488/hotspot/src/share/vm/prims/jvm.cpp, line 1248]
Event: 1,241 Thread 0x00007f25a400d000 Exception <a 'java/security/PrivilegedActionException'> (0x00000000d7a7e5a0) thrown at [/HUDSON/workspace/8-2-build-linux-amd64/jdk8u5/2488/hotspot/src/share/vm/prims/jvm.cpp, line 1248]
Event: 1,241 Thread 0x00007f25a400d000 Exception <a 'java/security/PrivilegedActionException'> (0x00000000d7a812a0) thrown at [/HUDSON/workspace/8-2-build-linux-amd64/jdk8u5/2488/hotspot/src/share/vm/prims/jvm.cpp, line 1248]
Event: 1,241 Thread 0x00007f25a400d000 Exception <a 'java/security/PrivilegedActionException'> (0x00000000d7a81ba8) thrown at [/HUDSON/workspace/8-2-build-linux-amd64/jdk8u5/2488/hotspot/src/share/vm/prims/jvm.cpp, line 1248]
Event: 1,242 Thread 0x00007f25a400d000 Exception <a 'java/security/PrivilegedActionException'> (0x00000000d7a847f0) thrown at [/HUDSON/workspace/8-2-build-linux-amd64/jdk8u5/2488/hotspot/src/share/vm/prims/jvm.cpp, line 1248]
Event: 1,242 Thread 0x00007f25a400d000 Exception <a 'java/security/PrivilegedActionException'> (0x00000000d7a877d0) thrown at [/HUDSON/workspace/8-2-build-linux-amd64/jdk8u5/2488/hotspot/src/share/vm/prims/jvm.cpp, line 1248]
Event: 1,244 Thread 0x00007f25a400d000 Exception <a 'java/security/PrivilegedActionException'> (0x00000000d7a90e30) thrown at [/HUDSON/workspace/8-2-build-linux-amd64/jdk8u5/2488/hotspot/src/share/vm/prims/jvm.cpp, line 1248]
Event: 1,245 Thread 0x00007f25a400d000 Exception <a 'java/security/PrivilegedActionException'> (0x00000000d7a95970) thrown at [/HUDSON/workspace/8-2-build-linux-amd64/jdk8u5/2488/hotspot/src/share/vm/prims/jvm.cpp, line 1248]
Event: 1,246 Thread 0x00007f25a400d000 Exception <a 'java/security/PrivilegedActionException'> (0x00000000d7a9f3d0) thrown at [/HUDSON/workspace/8-2-build-linux-amd64/jdk8u5/2488/hotspot/src/share/vm/prims/jvm.cpp, line 1248]
Event: 10,509 Thread 0x00007f25a400d000 Exception <a 'java/lang/ExceptionInInitializerError'> (0x00000000d7ac9450) thrown at [/HUDSON/workspace/8-2-build-linux-amd64/jdk8u5/2488/hotspot/src/share/vm/oops/instanceKlass.cpp, line 923]

Events (10 events):
Event: 278,298 Executing VM operation: RedefineClasses
Event: 278,302 Executing VM operation: RedefineClasses done
Event: 278,309 Executing VM operation: ChangeBreakpoints
Event: 278,310 Executing VM operation: ChangeBreakpoints done
Event: 340,733 Executing VM operation: ChangeBreakpoints
Event: 340,733 Executing VM operation: ChangeBreakpoints done
Event: 340,734 Executing VM operation: ChangeBreakpoints
Event: 340,734 Executing VM operation: ChangeBreakpoints done
Event: 507,016 Executing VM operation: RedefineClasses
Event: 507,020 Executing VM operation: RedefineClasses done


Dynamic libraries:
00400000-00401000 r-xp 00000000 08:06 132388                             /media/work/dev/sdk/jdk/jdk1.8.0_05/bin/java
00600000-00601000 rw-p 00000000 08:06 132388                             /media/work/dev/sdk/jdk/jdk1.8.0_05/bin/java
01f7d000-01f9e000 rw-p 00000000 00:00 0                                  [heap]
83e00000-8ba80000 rw-p 00000000 00:00 0 
8ba80000-d6a00000 ---p 00000000 00:00 0 
d6a00000-d8500000 rw-p 00000000 00:00 0 
d8500000-100000000 ---p 00000000 00:00 0 
100000000-100240000 rw-p 00000000 00:00 0 
100240000-140000000 ---p 00000000 00:00 0 
7f2528000000-7f2528021000 rw-p 00000000 00:00 0 
7f2528021000-7f252c000000 ---p 00000000 00:00 0 
7f252c000000-7f252c021000 rw-p 00000000 00:00 0 
7f252c021000-7f2530000000 ---p 00000000 00:00 0 
7f2530000000-7f2530021000 rw-p 00000000 00:00 0 
7f2530021000-7f2534000000 ---p 00000000 00:00 0 
7f2534000000-7f2534021000 rw-p 00000000 00:00 0 
7f2534021000-7f2538000000 ---p 00000000 00:00 0 
7f2538000000-7f25381d9000 rw-p 00000000 00:00 0 
7f25381d9000-7f253c000000 ---p 00000000 00:00 0 
7f253c000000-7f253c403000 rw-p 00000000 00:00 0 
7f253c403000-7f2540000000 ---p 00000000 00:00 0 
7f2540000000-7f25405e6000 rw-p 00000000 00:00 0 
7f25405e6000-7f2544000000 ---p 00000000 00:00 0 
7f2544000000-7f254428f000 rw-p 00000000 00:00 0 
7f254428f000-7f2548000000 ---p 00000000 00:00 0 
7f2548000000-7f2548021000 rw-p 00000000 00:00 0 
7f2548021000-7f254c000000 ---p 00000000 00:00 0 
7f254c000000-7f254c021000 rw-p 00000000 00:00 0 
7f254c021000-7f2550000000 ---p 00000000 00:00 0 
7f2550000000-7f2550021000 rw-p 00000000 00:00 0 
7f2550021000-7f2554000000 ---p 00000000 00:00 0 
7f2554000000-7f2554280000 rw-p 00000000 00:00 0 
7f2554280000-7f2558000000 ---p 00000000 00:00 0 
7f2558000000-7f2558021000 rw-p 00000000 00:00 0 
7f2558021000-7f255c000000 ---p 00000000 00:00 0 
7f255c000000-7f255c021000 rw-p 00000000 00:00 0 
7f255c021000-7f2560000000 ---p 00000000 00:00 0 
7f2560000000-7f2560021000 rw-p 00000000 00:00 0 
7f2560021000-7f2564000000 ---p 00000000 00:00 0 
7f2564000000-7f256407d000 rw-p 00000000 00:00 0 
7f256407d000-7f2568000000 ---p 00000000 00:00 0 
7f2568000000-7f2568021000 rw-p 00000000 00:00 0 
7f2568021000-7f256c000000 ---p 00000000 00:00 0 
7f2570000000-7f2570021000 rw-p 00000000 00:00 0 
7f2570021000-7f2574000000 ---p 00000000 00:00 0 
7f2574000000-7f2574021000 rw-p 00000000 00:00 0 
7f2574021000-7f2578000000 ---p 00000000 00:00 0 
7f2578000000-7f2578021000 rw-p 00000000 00:00 0 
7f2578021000-7f257c000000 ---p 00000000 00:00 0 
7f2580000000-7f2580021000 rw-p 00000000 00:00 0 
7f2580021000-7f2584000000 ---p 00000000 00:00 0 
7f2584ec1000-7f2585081000 rw-p 00000000 00:00 0 
7f2585081000-7f25850c1000 ---p 00000000 00:00 0 
7f25850c1000-7f25852c1000 rw-p 00000000 00:00 0 
7f25852c1000-7f25854c1000 rw-p 00000000 00:00 0 
7f25854c1000-7f25854c4000 ---p 00000000 00:00 0 
7f25854c4000-7f25855c2000 rw-p 00000000 00:00 0                          [stack:11884]
7f25855c2000-7f25855d8000 r-xp 00000000 08:06 133701                     /media/work/dev/sdk/jdk/jdk1.8.0_05/jre/lib/amd64/libnet.so
7f25855d8000-7f25857d7000 ---p 00016000 08:06 133701                     /media/work/dev/sdk/jdk/jdk1.8.0_05/jre/lib/amd64/libnet.so
7f25857d7000-7f25857d8000 rw-p 00015000 08:06 133701                     /media/work/dev/sdk/jdk/jdk1.8.0_05/jre/lib/amd64/libnet.so
7f25857d8000-7f25857db000 ---p 00000000 00:00 0 
7f25857db000-7f2585ad9000 rw-p 00000000 00:00 0                          [stack:11883]
7f2585ad9000-7f2585ada000 ---p 00000000 00:00 0 
7f2585ada000-7f2585bda000 rw-p 00000000 00:00 0                          [stack:11881]
7f2585bda000-7f2585bdd000 ---p 00000000 00:00 0 
7f2585bdd000-7f2585cdb000 rw-p 00000000 00:00 0                          [stack:11880]
7f2585cdb000-7f2585cde000 ---p 00000000 00:00 0 
7f2585cde000-7f2585ddc000 rw-p 00000000 00:00 0                          [stack:11879]
7f2585ddc000-7f2585ddf000 ---p 00000000 00:00 0 
7f2585ddf000-7f2585edd000 rw-p 00000000 00:00 0                          [stack:11878]
7f2585edd000-7f2585ee0000 ---p 00000000 00:00 0 
7f2585ee0000-7f2585fde000 rw-p 00000000 00:00 0                          [stack:11877]
7f2585fde000-7f2585fe1000 ---p 00000000 00:00 0 
7f2585fe1000-7f25860df000 rw-p 00000000 00:00 0                          [stack:11876]
7f25860df000-7f25860e2000 ---p 00000000 00:00 0 
7f25860e2000-7f25861e0000 rw-p 00000000 00:00 0                          [stack:11873]
7f25861e0000-7f25861e3000 ---p 00000000 00:00 0 
7f25861e3000-7f25862e1000 rw-p 00000000 00:00 0                          [stack:11872]
7f25862e1000-7f25862e4000 ---p 00000000 00:00 0 
7f25862e4000-7f25863e2000 rw-p 00000000 00:00 0                          [stack:11869]
7f25863e2000-7f25863e6000 r-xp 00000000 08:06 133672                     /media/work/dev/sdk/jdk/jdk1.8.0_05/jre/lib/amd64/libdt_socket.so
7f25863e6000-7f25865e5000 ---p 00004000 08:06 133672                     /media/work/dev/sdk/jdk/jdk1.8.0_05/jre/lib/amd64/libdt_socket.so
7f25865e5000-7f25865e6000 rw-p 00003000 08:06 133672                     /media/work/dev/sdk/jdk/jdk1.8.0_05/jre/lib/amd64/libdt_socket.so
7f25865e6000-7f25865e9000 ---p 00000000 00:00 0 
7f25865e9000-7f25866e7000 rw-p 00000000 00:00 0                          [stack:11866]
7f25866e7000-7f25866ea000 ---p 00000000 00:00 0 
7f25866ea000-7f25867e8000 rw-p 00000000 00:00 0                          [stack:11865]
7f25867e8000-7f25867eb000 ---p 00000000 00:00 0 
7f25867eb000-7f25868e9000 rw-p 00000000 00:00 0                          [stack:11864]
7f25868e9000-7f25868ea000 ---p 00000000 00:00 0 
7f25868ea000-7f2588000000 rw-p 00000000 00:00 0                          [stack:11863]
7f2588000000-7f2588021000 rw-p 00000000 00:00 0 
7f2588021000-7f258c000000 ---p 00000000 00:00 0 
7f258c036000-7f258c049000 r--s 00345000 08:06 133601                     /media/work/dev/sdk/jdk/jdk1.8.0_05/jre/lib/resources.jar
7f258c049000-7f258c065000 r--s 00393000 08:06 133616                     /media/work/dev/sdk/jdk/jdk1.8.0_05/jre/lib/ext/cldrdata.jar
7f258c065000-7f258c070000 r--s 0021a000 08:06 133622                     /media/work/dev/sdk/jdk/jdk1.8.0_05/jre/lib/ext/localedata.jar
7f258c070000-7f258c0ce000 r--s 004a5000 00:19 1050396                    /home/berenger/.m2/repository/org/hibernate/hibernate-core/4.3.6.Final/hibernate-core-4.3.6.Final.jar
7f258c0ce000-7f2590000000 rw-p 00000000 00:00 0 
7f2590000000-7f2590021000 rw-p 00000000 00:00 0 
7f2590021000-7f2594000000 ---p 00000000 00:00 0 
7f2594003000-7f2594008000 r--s 00092000 08:06 133613                     /media/work/dev/sdk/jdk/jdk1.8.0_05/jre/lib/jsse.jar
7f2594008000-7f2594016000 r--s 00090000 00:19 1050420                    /home/berenger/.m2/repository/org/hibernate/hibernate-entitymanager/4.3.6.Final/hibernate-entitymanager-4.3.6.Final.jar
7f2594016000-7f259401b000 r--s 00068000 00:19 1051102                    /home/berenger/.m2/repository/antlr/antlr/2.7.7/antlr-2.7.7.jar
7f259401b000-7f2595000000 rw-p 00000000 00:00 0 
7f2595000000-7f25953f0000 rwxp 00000000 00:00 0 
7f25953f0000-7f25a4000000 ---p 00000000 00:00 0 
7f25a4000000-7f25a4859000 rw-p 00000000 00:00 0 
7f25a4859000-7f25a8000000 ---p 00000000 00:00 0 
7f25a8000000-7f25a8002000 rw-p 00000000 00:00 0 
7f25a8002000-7f25a800c000 r--s 000a5000 00:19 1050414                    /home/berenger/.m2/repository/org/javassist/javassist/3.18.1-GA/javassist-3.18.1-GA.jar
7f25a800c000-7f25a8011000 r--s 00017000 00:19 1050408                    /home/berenger/.m2/repository/org/hibernate/javax/persistence/hibernate-jpa-2.1-api/1.0.0.Final/hibernate-jpa-2.1-api-1.0.0.Final.jar
7f25a8011000-7f25a8147000 rw-p 00000000 00:00 0 
7f25a8147000-7f25a831c000 r--s 03c4d000 08:06 133569                     /media/work/dev/sdk/jdk/jdk1.8.0_05/jre/lib/rt.jar
7f25a831c000-7f25a8392000 rw-p 00000000 00:00 0 
7f25a8392000-7f25a8393000 ---p 00000000 00:00 0 
7f25a8393000-7f25a8493000 rw-p 00000000 00:00 0                          [stack:11861]
7f25a8493000-7f25a8494000 ---p 00000000 00:00 0 
7f25a8494000-7f25a8594000 rw-p 00000000 00:00 0                          [stack:11860]
7f25a8594000-7f25a8595000 ---p 00000000 00:00 0 
7f25a8595000-7f25a8695000 rw-p 00000000 00:00 0                          [stack:11859]
7f25a8695000-7f25a8696000 ---p 00000000 00:00 0 
7f25a8696000-7f25a8796000 rw-p 00000000 00:00 0                          [stack:11858]
7f25a8796000-7f25a8797000 ---p 00000000 00:00 0 
7f25a8797000-7f25a8897000 rw-p 00000000 00:00 0                          [stack:11857]
7f25a8897000-7f25a8898000 ---p 00000000 00:00 0 
7f25a8898000-7f25a8998000 rw-p 00000000 00:00 0                          [stack:11856]
7f25a8998000-7f25a8999000 ---p 00000000 00:00 0 
7f25a8999000-7f25a8a99000 rw-p 00000000 00:00 0                          [stack:11855]
7f25a8a99000-7f25a8a9a000 ---p 00000000 00:00 0 
7f25a8a9a000-7f25a8bd9000 rw-p 00000000 00:00 0                          [stack:11854]
7f25a8bd9000-7f25a8e30000 ---p 00000000 00:00 0 
7f25a8e30000-7f25a8e6f000 rw-p 00000000 00:00 0 
7f25a8e6f000-7f25a90c6000 ---p 00000000 00:00 0 
7f25a90c6000-7f25a90d4000 rw-p 00000000 00:00 0 
7f25a90d4000-7f25a9211000 ---p 00000000 00:00 0 
7f25a9211000-7f25a9222000 rw-p 00000000 00:00 0 
7f25a9222000-7f25a95d2000 ---p 00000000 00:00 0 
7f25a95d2000-7f25a95ee000 r-xp 00000000 08:06 133697                     /media/work/dev/sdk/jdk/jdk1.8.0_05/jre/lib/amd64/libzip.so
7f25a95ee000-7f25a97ed000 ---p 0001c000 08:06 133697                     /media/work/dev/sdk/jdk/jdk1.8.0_05/jre/lib/amd64/libzip.so
7f25a97ed000-7f25a97ee000 rw-p 0001b000 08:06 133697                     /media/work/dev/sdk/jdk/jdk1.8.0_05/jre/lib/amd64/libzip.so
7f25a97ee000-7f25a97f9000 r-xp 00000000 08:07 130997                     /lib/x86_64-linux-gnu/libnss_files-2.19.so
7f25a97f9000-7f25a99f8000 ---p 0000b000 08:07 130997                     /lib/x86_64-linux-gnu/libnss_files-2.19.so
7f25a99f8000-7f25a99f9000 r--p 0000a000 08:07 130997                     /lib/x86_64-linux-gnu/libnss_files-2.19.so
7f25a99f9000-7f25a99fa000 rw-p 0000b000 08:07 130997                     /lib/x86_64-linux-gnu/libnss_files-2.19.so
7f25a99fa000-7f25a9a05000 r-xp 00000000 08:07 130998                     /lib/x86_64-linux-gnu/libnss_nis-2.19.so
7f25a9a05000-7f25a9c04000 ---p 0000b000 08:07 130998                     /lib/x86_64-linux-gnu/libnss_nis-2.19.so
7f25a9c04000-7f25a9c05000 r--p 0000a000 08:07 130998                     /lib/x86_64-linux-gnu/libnss_nis-2.19.so
7f25a9c05000-7f25a9c06000 rw-p 0000b000 08:07 130998                     /lib/x86_64-linux-gnu/libnss_nis-2.19.so
7f25a9c06000-7f25a9c1d000 r-xp 00000000 08:07 130984                     /lib/x86_64-linux-gnu/libnsl-2.19.so
7f25a9c1d000-7f25a9e1c000 ---p 00017000 08:07 130984                     /lib/x86_64-linux-gnu/libnsl-2.19.so
7f25a9e1c000-7f25a9e1d000 r--p 00016000 08:07 130984                     /lib/x86_64-linux-gnu/libnsl-2.19.so
7f25a9e1d000-7f25a9e1e000 rw-p 00017000 08:07 130984                     /lib/x86_64-linux-gnu/libnsl-2.19.so
7f25a9e1e000-7f25a9e20000 rw-p 00000000 00:00 0 
7f25a9e20000-7f25a9e29000 r-xp 00000000 08:07 130981                     /lib/x86_64-linux-gnu/libnss_compat-2.19.so
7f25a9e29000-7f25aa028000 ---p 00009000 08:07 130981                     /lib/x86_64-linux-gnu/libnss_compat-2.19.so
7f25aa028000-7f25aa029000 r--p 00008000 08:07 130981                     /lib/x86_64-linux-gnu/libnss_compat-2.19.so
7f25aa029000-7f25aa02a000 rw-p 00009000 08:07 130981                     /lib/x86_64-linux-gnu/libnss_compat-2.19.so
7f25aa02a000-7f25aa715000 r--p 00000000 08:07 1577973                    /usr/lib/locale/locale-archive
7f25aa715000-7f25aa718000 r-xp 00000000 08:06 133673                     /media/work/dev/sdk/jdk/jdk1.8.0_05/jre/lib/amd64/libnpt.so
7f25aa718000-7f25aa917000 ---p 00003000 08:06 133673                     /media/work/dev/sdk/jdk/jdk1.8.0_05/jre/lib/amd64/libnpt.so
7f25aa917000-7f25aa918000 rw-p 00002000 08:06 133673                     /media/work/dev/sdk/jdk/jdk1.8.0_05/jre/lib/amd64/libnpt.so
7f25aa918000-7f25aa951000 r-xp 00000000 08:06 133688                     /media/work/dev/sdk/jdk/jdk1.8.0_05/jre/lib/amd64/libjdwp.so
7f25aa951000-7f25aab50000 ---p 00039000 08:06 133688                     /media/work/dev/sdk/jdk/jdk1.8.0_05/jre/lib/amd64/libjdwp.so
7f25aab50000-7f25aab52000 rw-p 00038000 08:06 133688                     /media/work/dev/sdk/jdk/jdk1.8.0_05/jre/lib/amd64/libjdwp.so
7f25aab52000-7f25aab7c000 r-xp 00000000 08:06 133692                     /media/work/dev/sdk/jdk/jdk1.8.0_05/jre/lib/amd64/libjava.so
7f25aab7c000-7f25aad7c000 ---p 0002a000 08:06 133692                     /media/work/dev/sdk/jdk/jdk1.8.0_05/jre/lib/amd64/libjava.so
7f25aad7c000-7f25aad7e000 rw-p 0002a000 08:06 133692                     /media/work/dev/sdk/jdk/jdk1.8.0_05/jre/lib/amd64/libjava.so
7f25aad7e000-7f25aad8b000 r-xp 00000000 08:06 133696                     /media/work/dev/sdk/jdk/jdk1.8.0_05/jre/lib/amd64/libverify.so
7f25aad8b000-7f25aaf8b000 ---p 0000d000 08:06 133696                     /media/work/dev/sdk/jdk/jdk1.8.0_05/jre/lib/amd64/libverify.so
7f25aaf8b000-7f25aaf8d000 rw-p 0000d000 08:06 133696                     /media/work/dev/sdk/jdk/jdk1.8.0_05/jre/lib/amd64/libverify.so
7f25aaf8d000-7f25aaf94000 r-xp 00000000 08:07 130986                     /lib/x86_64-linux-gnu/librt-2.19.so
7f25aaf94000-7f25ab193000 ---p 00007000 08:07 130986                     /lib/x86_64-linux-gnu/librt-2.19.so
7f25ab193000-7f25ab194000 r--p 00006000 08:07 130986                     /lib/x86_64-linux-gnu/librt-2.19.so
7f25ab194000-7f25ab195000 rw-p 00007000 08:07 130986                     /lib/x86_64-linux-gnu/librt-2.19.so
7f25ab195000-7f25ab29a000 r-xp 00000000 08:07 130993                     /lib/x86_64-linux-gnu/libm-2.19.so
7f25ab29a000-7f25ab499000 ---p 00105000 08:07 130993                     /lib/x86_64-linux-gnu/libm-2.19.so
7f25ab499000-7f25ab49a000 r--p 00104000 08:07 130993                     /lib/x86_64-linux-gnu/libm-2.19.so
7f25ab49a000-7f25ab49b000 rw-p 00105000 08:07 130993                     /lib/x86_64-linux-gnu/libm-2.19.so
7f25ab49b000-7f25ac0b5000 r-xp 00000000 08:06 133678                     /media/work/dev/sdk/jdk/jdk1.8.0_05/jre/lib/amd64/server/libjvm.so
7f25ac0b5000-7f25ac2b4000 ---p 00c1a000 08:06 133678                     /media/work/dev/sdk/jdk/jdk1.8.0_05/jre/lib/amd64/server/libjvm.so
7f25ac2b4000-7f25ac37d000 rw-p 00c19000 08:06 133678                     /media/work/dev/sdk/jdk/jdk1.8.0_05/jre/lib/amd64/server/libjvm.so
7f25ac37d000-7f25ac3be000 rw-p 00000000 00:00 0 
7f25ac3be000-7f25ac579000 r-xp 00000000 08:07 130990                     /lib/x86_64-linux-gnu/libc-2.19.so
7f25ac579000-7f25ac779000 ---p 001bb000 08:07 130990                     /lib/x86_64-linux-gnu/libc-2.19.so
7f25ac779000-7f25ac77d000 r--p 001bb000 08:07 130990                     /lib/x86_64-linux-gnu/libc-2.19.so
7f25ac77d000-7f25ac77f000 rw-p 001bf000 08:07 130990                     /lib/x86_64-linux-gnu/libc-2.19.so
7f25ac77f000-7f25ac784000 rw-p 00000000 00:00 0 
7f25ac784000-7f25ac787000 r-xp 00000000 08:07 131002                     /lib/x86_64-linux-gnu/libdl-2.19.so
7f25ac787000-7f25ac986000 ---p 00003000 08:07 131002                     /lib/x86_64-linux-gnu/libdl-2.19.so
7f25ac986000-7f25ac987000 r--p 00002000 08:07 131002                     /lib/x86_64-linux-gnu/libdl-2.19.so
7f25ac987000-7f25ac988000 rw-p 00003000 08:07 131002                     /lib/x86_64-linux-gnu/libdl-2.19.so
7f25ac988000-7f25ac99f000 r-xp 00000000 08:06 404606                     /media/work/dev/sdk/jdk/jdk1.8.0_05/lib/amd64/jli/libjli.so
7f25ac99f000-7f25acb9e000 ---p 00017000 08:06 404606                     /media/work/dev/sdk/jdk/jdk1.8.0_05/lib/amd64/jli/libjli.so
7f25acb9e000-7f25acb9f000 rw-p 00016000 08:06 404606                     /media/work/dev/sdk/jdk/jdk1.8.0_05/lib/amd64/jli/libjli.so
7f25acb9f000-7f25acbb8000 r-xp 00000000 08:07 131003                     /lib/x86_64-linux-gnu/libpthread-2.19.so
7f25acbb8000-7f25acdb7000 ---p 00019000 08:07 131003                     /lib/x86_64-linux-gnu/libpthread-2.19.so
7f25acdb7000-7f25acdb8000 r--p 00018000 08:07 131003                     /lib/x86_64-linux-gnu/libpthread-2.19.so
7f25acdb8000-7f25acdb9000 rw-p 00019000 08:07 131003                     /lib/x86_64-linux-gnu/libpthread-2.19.so
7f25acdb9000-7f25acdbd000 rw-p 00000000 00:00 0 
7f25acdbd000-7f25acde0000 r-xp 00000000 08:07 130991                     /lib/x86_64-linux-gnu/ld-2.19.so
7f25acde0000-7f25acde2000 r--s 00011000 00:19 1050417                    /home/berenger/.m2/repository/org/jboss/jandex/1.1.0.Final/jandex-1.1.0.Final.jar
7f25acde2000-7f25acde7000 r--s 00016000 00:19 1050514                    /home/berenger/.m2/repository/xml-apis/xml-apis/1.0.b2/xml-apis-1.0.b2.jar
7f25acde7000-7f25acdec000 r--s 00048000 00:19 1047119                    /home/berenger/.m2/repository/dom4j/dom4j/1.6.1/dom4j-1.6.1.jar
7f25acdec000-7f25aceb7000 rw-p 00000000 00:00 0 
7f25aceb7000-7f25aceba000 ---p 00000000 00:00 0 
7f25aceba000-7f25acfbc000 rw-p 00000000 00:00 0                          [stack:11849]
7f25acfbc000-7f25acfbf000 r--s 00010000 00:19 1050403                    /home/berenger/.m2/repository/org/hibernate/common/hibernate-commons-annotations/4.0.5.Final/hibernate-commons-annotations-4.0.5.Final.jar
7f25acfbf000-7f25acfc0000 r--s 00006000 00:19 1050399                    /home/berenger/.m2/repository/org/jboss/spec/javax/transaction/jboss-transaction-api_1.2_spec/1.0.0.Final/jboss-transaction-api_1.2_spec-1.0.0.Final.jar
7f25acfc0000-7f25acfc1000 r--s 00002000 00:19 1050393                    /home/berenger/.m2/repository/org/jboss/logging/jboss-logging-annotations/1.2.0.Beta1/jboss-logging-annotations-1.2.0.Beta1.jar
7f25acfc1000-7f25acfc3000 r--s 0000c000 00:19 1050341                    /home/berenger/.m2/repository/org/jboss/logging/jboss-logging/3.1.3.GA/jboss-logging-3.1.3.GA.jar
7f25acfc3000-7f25acfcd000 r--s 0005f000 00:19 1050337                    /home/berenger/.m2/repository/org/hibernate/hibernate-envers/4.3.6.Final/hibernate-envers-4.3.6.Final.jar
7f25acfcd000-7f25acfd3000 r--s 000ab000 00:19 1047137                    /home/berenger/.m2/repository/mysql/mysql-connector-java/5.1.10/mysql-connector-java-5.1.10.jar
7f25acfd3000-7f25acfdb000 rw-s 00000000 08:07 2754313                    /tmp/hsperfdata_berenger/11847
7f25acfdb000-7f25acfdc000 rw-p 00000000 00:00 0 
7f25acfdc000-7f25acfdd000 r--p 00000000 00:00 0 
7f25acfdd000-7f25acfdf000 rw-p 00000000 00:00 0 
7f25acfdf000-7f25acfe0000 r--p 00022000 08:07 130991                     /lib/x86_64-linux-gnu/ld-2.19.so
7f25acfe0000-7f25acfe1000 rw-p 00023000 08:07 130991                     /lib/x86_64-linux-gnu/ld-2.19.so
7f25acfe1000-7f25acfe2000 rw-p 00000000 00:00 0 
7fff20642000-7fff20663000 rw-p 00000000 00:00 0                          [stack]
7fff207fe000-7fff20800000 r-xp 00000000 00:00 0                          [vdso]
ffffffffff600000-ffffffffff601000 r-xp 00000000 00:00 0                  [vsyscall]

VM Arguments:
jvm_args: -agentlib:jdwp=transport=dt_socket,suspend=y,address=localhost:37575 -Dfile.encoding=UTF-8 
java_command: Envers
java_class_path (initial): /media/work/dev/hday/MontreTout/target/classes:/home/berenger/.m2/repository/mysql/mysql-connector-java/5.1.10/mysql-connector-java-5.1.10.jar:/home/berenger/.m2/repository/org/hibernate/hibernate-envers/4.3.6.Final/hibernate-envers-4.3.6.Final.jar:/home/berenger/.m2/repository/org/jboss/logging/jboss-logging/3.1.3.GA/jboss-logging-3.1.3.GA.jar:/home/berenger/.m2/repository/org/jboss/logging/jboss-logging-annotations/1.2.0.Beta1/jboss-logging-annotations-1.2.0.Beta1.jar:/home/berenger/.m2/repository/org/hibernate/hibernate-core/4.3.6.Final/hibernate-core-4.3.6.Final.jar:/home/berenger/.m2/repository/org/jboss/spec/javax/transaction/jboss-transaction-api_1.2_spec/1.0.0.Final/jboss-transaction-api_1.2_spec-1.0.0.Final.jar:/home/berenger/.m2/repository/dom4j/dom4j/1.6.1/dom4j-1.6.1.jar:/home/berenger/.m2/repository/xml-apis/xml-apis/1.0.b2/xml-apis-1.0.b2.jar:/home/berenger/.m2/repository/org/hibernate/common/hibernate-commons-annotations/4.0.5.Final/hibernate-commons-annotations-4.0.5.Final.jar:/home/berenger/.m2/repository/org/hibernate/javax/persistence/hibernate-jpa-2.1-api/1.0.0.Final/hibernate-jpa-2.1-api-1.0.0.Final.jar:/home/berenger/.m2/repository/org/javassist/javassist/3.18.1-GA/javassist-3.18.1-GA.jar:/home/berenger/.m2/repository/antlr/antlr/2.7.7/antlr-2.7.7.jar:/home/berenger/.m2/repository/org/jboss/jandex/1.1.0.Final/jandex-1.1.0.Final.jar:/home/berenger/.m2/repository/org/hibernate/hibernate-entitymanager/4.3.6.Final/hibernate-entitymanager-4.3.6.Final.jar
Launcher Type: SUN_STANDARD

Environment Variables:
PATH=/usr/local/sbin:/usr/local/bin:/usr/sbin:/usr/bin:/sbin:/bin:/usr/games:/usr/local/games
SHELL=/bin/bash
DISPLAY=:0

Signal Handlers:
SIGSEGV: [libjvm.so+0xa2fc90], sa_mask[0]=0x7ffbfeff, sa_flags=0x10000004
SIGBUS: [libjvm.so+0xa2fc90], sa_mask[0]=0x7ffbfeff, sa_flags=0x10000004
SIGFPE: [libjvm.so+0x89b4b0], sa_mask[0]=0x7ffbfeff, sa_flags=0x10000004
SIGPIPE: [libjvm.so+0x89b4b0], sa_mask[0]=0x7ffbfeff, sa_flags=0x10000004
SIGXFSZ: [libjvm.so+0x89b4b0], sa_mask[0]=0x7ffbfeff, sa_flags=0x10000004
SIGILL: [libjvm.so+0x89b4b0], sa_mask[0]=0x7ffbfeff, sa_flags=0x10000004
SIGUSR1: SIG_DFL, sa_mask[0]=0x00000000, sa_flags=0x00000000
SIGUSR2: [libjvm.so+0x89cc50], sa_mask[0]=0x00000004, sa_flags=0x10000004
SIGHUP: [libjvm.so+0x89df00], sa_mask[0]=0x7ffbfeff, sa_flags=0x10000004
SIGINT: [libjvm.so+0x89df00], sa_mask[0]=0x7ffbfeff, sa_flags=0x10000004
SIGTERM: [libjvm.so+0x89df00], sa_mask[0]=0x7ffbfeff, sa_flags=0x10000004
SIGQUIT: [libjvm.so+0x89df00], sa_mask[0]=0x7ffbfeff, sa_flags=0x10000004


---------------  S Y S T E M  ---------------

OS:DISTRIB_ID=Ubuntu
DISTRIB_RELEASE=14.04
DISTRIB_CODENAME=trusty
DISTRIB_DESCRIPTION="Ubuntu 14.04.1 LTS"

uname:Linux 3.13.0-35-generic #62-Ubuntu SMP Fri Aug 15 01:58:42 UTC 2014 x86_64
libc:glibc 2.19 NPTL 2.19 
rlimit: STACK 8192k, CORE 0k, NPROC 63284, NOFILE 4096, AS infinity
load average:0,14 0,20 0,21

/proc/meminfo:
MemTotal:        8130208 kB
MemFree:         2719304 kB
Buffers:          244104 kB
Cached:          2132988 kB
SwapCached:            0 kB
Active:          3405684 kB
Inactive:        1462464 kB
Active(anon):    2492416 kB
Inactive(anon):    53240 kB
Active(file):     913268 kB
Inactive(file):  1409224 kB
Unevictable:          56 kB
Mlocked:              56 kB
SwapTotal:       8341840 kB
SwapFree:        8341840 kB
Dirty:               172 kB
Writeback:             0 kB
AnonPages:       2491148 kB
Mapped:           339260 kB
Shmem:             54608 kB
Slab:             197608 kB
SReclaimable:     137720 kB
SUnreclaim:        59888 kB
KernelStack:        5992 kB
PageTables:        42648 kB
NFS_Unstable:          0 kB
Bounce:                0 kB
WritebackTmp:          0 kB
CommitLimit:    12406944 kB
Committed_AS:    6767824 kB
VmallocTotal:   34359738367 kB
VmallocUsed:      105148 kB
VmallocChunk:   34359598588 kB
HardwareCorrupted:     0 kB
AnonHugePages:   1200128 kB
HugePages_Total:       0
HugePages_Free:        0
HugePages_Rsvd:        0
HugePages_Surp:        0
Hugepagesize:       2048 kB
DirectMap4k:       78788 kB
DirectMap2M:     8263680 kB


CPU:total 8 (4 cores per cpu, 2 threads per core) family 6 model 58 stepping 9, cmov, cx8, fxsr, mmx, sse, sse2, sse3, ssse3, sse4.1, sse4.2, popcnt, avx, aes, clmul, erms, ht, tsc, tscinvbit

/proc/cpuinfo:
processor	: 0
vendor_id	: GenuineIntel
cpu family	: 6
model		: 58
model name	: Intel(R) Core(TM) i7-3770 CPU @ 3.40GHz
stepping	: 9
microcode	: 0x19
cpu MHz		: 1600.000
cache size	: 8192 KB
physical id	: 0
siblings	: 8
core id		: 0
cpu cores	: 4
apicid		: 0
initial apicid	: 0
fpu		: yes
fpu_exception	: yes
cpuid level	: 13
wp		: yes
flags		: fpu vme de pse tsc msr pae mce cx8 apic sep mtrr pge mca cmov pat pse36 clflush dts acpi mmx fxsr sse sse2 ss ht tm pbe syscall nx rdtscp lm constant_tsc arch_perfmon pebs bts rep_good nopl xtopology nonstop_tsc aperfmperf eagerfpu pni pclmulqdq dtes64 monitor ds_cpl vmx smx est tm2 ssse3 cx16 xtpr pdcm pcid sse4_1 sse4_2 x2apic popcnt tsc_deadline_timer aes xsave avx f16c rdrand lahf_lm ida arat epb xsaveopt pln pts dtherm tpr_shadow vnmi flexpriority ept vpid fsgsbase smep erms
bogomips	: 6784.88
clflush size	: 64
cache_alignment	: 64
address sizes	: 36 bits physical, 48 bits virtual
power management:

processor	: 1
vendor_id	: GenuineIntel
cpu family	: 6
model		: 58
model name	: Intel(R) Core(TM) i7-3770 CPU @ 3.40GHz
stepping	: 9
microcode	: 0x19
cpu MHz		: 1600.000
cache size	: 8192 KB
physical id	: 0
siblings	: 8
core id		: 1
cpu cores	: 4
apicid		: 2
initial apicid	: 2
fpu		: yes
fpu_exception	: yes
cpuid level	: 13
wp		: yes
flags		: fpu vme de pse tsc msr pae mce cx8 apic sep mtrr pge mca cmov pat pse36 clflush dts acpi mmx fxsr sse sse2 ss ht tm pbe syscall nx rdtscp lm constant_tsc arch_perfmon pebs bts rep_good nopl xtopology nonstop_tsc aperfmperf eagerfpu pni pclmulqdq dtes64 monitor ds_cpl vmx smx est tm2 ssse3 cx16 xtpr pdcm pcid sse4_1 sse4_2 x2apic popcnt tsc_deadline_timer aes xsave avx f16c rdrand lahf_lm ida arat epb xsaveopt pln pts dtherm tpr_shadow vnmi flexpriority ept vpid fsgsbase smep erms
bogomips	: 6784.88
clflush size	: 64
cache_alignment	: 64
address sizes	: 36 bits physical, 48 bits virtual
power management:

processor	: 2
vendor_id	: GenuineIntel
cpu family	: 6
model		: 58
model name	: Intel(R) Core(TM) i7-3770 CPU @ 3.40GHz
stepping	: 9
microcode	: 0x19
cpu MHz		: 2600.000
cache size	: 8192 KB
physical id	: 0
siblings	: 8
core id		: 2
cpu cores	: 4
apicid		: 4
initial apicid	: 4
fpu		: yes
fpu_exception	: yes
cpuid level	: 13
wp		: yes
flags		: fpu vme de pse tsc msr pae mce cx8 apic sep mtrr pge mca cmov pat pse36 clflush dts acpi mmx fxsr sse sse2 ss ht tm pbe syscall nx rdtscp lm constant_tsc arch_perfmon pebs bts rep_good nopl xtopology nonstop_tsc aperfmperf eagerfpu pni pclmulqdq dtes64 monitor ds_cpl vmx smx est tm2 ssse3 cx16 xtpr pdcm pcid sse4_1 sse4_2 x2apic popcnt tsc_deadline_timer aes xsave avx f16c rdrand lahf_lm ida arat epb xsaveopt pln pts dtherm tpr_shadow vnmi flexpriority ept vpid fsgsbase smep erms
bogomips	: 6784.88
clflush size	: 64
cache_alignment	: 64
address sizes	: 36 bits physical, 48 bits virtual
power management:

processor	: 3
vendor_id	: GenuineIntel
cpu family	: 6
model		: 58
model name	: Intel(R) Core(TM) i7-3770 CPU @ 3.40GHz
stepping	: 9
microcode	: 0x19
cpu MHz		: 2600.000
cache size	: 8192 KB
physical id	: 0
siblings	: 8
core id		: 3
cpu cores	: 4
apicid		: 6
initial apicid	: 6
fpu		: yes
fpu_exception	: yes
cpuid level	: 13
wp		: yes
flags		: fpu vme de pse tsc msr pae mce cx8 apic sep mtrr pge mca cmov pat pse36 clflush dts acpi mmx fxsr sse sse2 ss ht tm pbe syscall nx rdtscp lm constant_tsc arch_perfmon pebs bts rep_good nopl xtopology nonstop_tsc aperfmperf eagerfpu pni pclmulqdq dtes64 monitor ds_cpl vmx smx est tm2 ssse3 cx16 xtpr pdcm pcid sse4_1 sse4_2 x2apic popcnt tsc_deadline_timer aes xsave avx f16c rdrand lahf_lm ida arat epb xsaveopt pln pts dtherm tpr_shadow vnmi flexpriority ept vpid fsgsbase smep erms
bogomips	: 6784.88
clflush size	: 64
cache_alignment	: 64
address sizes	: 36 bits physical, 48 bits virtual
power management:

processor	: 4
vendor_id	: GenuineIntel
cpu family	: 6
model		: 58
model name	: Intel(R) Core(TM) i7-3770 CPU @ 3.40GHz
stepping	: 9
microcode	: 0x19
cpu MHz		: 1600.000
cache size	: 8192 KB
physical id	: 0
siblings	: 8
core id		: 0
cpu cores	: 4
apicid		: 1
initial apicid	: 1
fpu		: yes
fpu_exception	: yes
cpuid level	: 13
wp		: yes
flags		: fpu vme de pse tsc msr pae mce cx8 apic sep mtrr pge mca cmov pat pse36 clflush dts acpi mmx fxsr sse sse2 ss ht tm pbe syscall nx rdtscp lm constant_tsc arch_perfmon pebs bts rep_good nopl xtopology nonstop_tsc aperfmperf eagerfpu pni pclmulqdq dtes64 monitor ds_cpl vmx smx est tm2 ssse3 cx16 xtpr pdcm pcid sse4_1 sse4_2 x2apic popcnt tsc_deadline_timer aes xsave avx f16c rdrand lahf_lm ida arat epb xsaveopt pln pts dtherm tpr_shadow vnmi flexpriority ept vpid fsgsbase smep erms
bogomips	: 6784.88
clflush size	: 64
cache_alignment	: 64
address sizes	: 36 bits physical, 48 bits virtual
power management:

processor	: 5
vendor_id	: GenuineIntel
cpu family	: 6
model		: 58
model name	: Intel(R) Core(TM) i7-3770 CPU @ 3.40GHz
stepping	: 9
microcode	: 0x19
cpu MHz		: 1600.000
cache size	: 8192 KB
physical id	: 0
siblings	: 8
core id		: 1
cpu cores	: 4
apicid		: 3
initial apicid	: 3
fpu		: yes
fpu_exception	: yes
cpuid level	: 13
wp		: yes
flags		: fpu vme de pse tsc msr pae mce cx8 apic sep mtrr pge mca cmov pat pse36 clflush dts acpi mmx fxsr sse sse2 ss ht tm pbe syscall nx rdtscp lm constant_tsc arch_perfmon pebs bts rep_good nopl xtopology nonstop_tsc aperfmperf eagerfpu pni pclmulqdq dtes64 monitor ds_cpl vmx smx est tm2 ssse3 cx16 xtpr pdcm pcid sse4_1 sse4_2 x2apic popcnt tsc_deadline_timer aes xsave avx f16c rdrand lahf_lm ida arat epb xsaveopt pln pts dtherm tpr_shadow vnmi flexpriority ept vpid fsgsbase smep erms
bogomips	: 6784.88
clflush size	: 64
cache_alignment	: 64
address sizes	: 36 bits physical, 48 bits virtual
power management:

processor	: 6
vendor_id	: GenuineIntel
cpu family	: 6
model		: 58
model name	: Intel(R) Core(TM) i7-3770 CPU @ 3.40GHz
stepping	: 9
microcode	: 0x19
cpu MHz		: 3401.000
cache size	: 8192 KB
physical id	: 0
siblings	: 8
core id		: 2
cpu cores	: 4
apicid		: 5
initial apicid	: 5
fpu		: yes
fpu_exception	: yes
cpuid level	: 13
wp		: yes
flags		: fpu vme de pse tsc msr pae mce cx8 apic sep mtrr pge mca cmov pat pse36 clflush dts acpi mmx fxsr sse sse2 ss ht tm pbe syscall nx rdtscp lm constant_tsc arch_perfmon pebs bts rep_good nopl xtopology nonstop_tsc aperfmperf eagerfpu pni pclmulqdq dtes64 monitor ds_cpl vmx smx est tm2 ssse3 cx16 xtpr pdcm pcid sse4_1 sse4_2 x2apic popcnt tsc_deadline_timer aes xsave avx f16c rdrand lahf_lm ida arat epb xsaveopt pln pts dtherm tpr_shadow vnmi flexpriority ept vpid fsgsbase smep erms
bogomips	: 6784.88
clflush size	: 64
cache_alignment	: 64
address sizes	: 36 bits physical, 48 bits virtual
power management:

processor	: 7
vendor_id	: GenuineIntel
cpu family	: 6
model		: 58
model name	: Intel(R) Core(TM) i7-3770 CPU @ 3.40GHz
stepping	: 9
microcode	: 0x19
cpu MHz		: 3401.000
cache size	: 8192 KB
physical id	: 0
siblings	: 8
core id		: 3
cpu cores	: 4
apicid		: 7
initial apicid	: 7
fpu		: yes
fpu_exception	: yes
cpuid level	: 13
wp		: yes
flags		: fpu vme de pse tsc msr pae mce cx8 apic sep mtrr pge mca cmov pat pse36 clflush dts acpi mmx fxsr sse sse2 ss ht tm pbe syscall nx rdtscp lm constant_tsc arch_perfmon pebs bts rep_good nopl xtopology nonstop_tsc aperfmperf eagerfpu pni pclmulqdq dtes64 monitor ds_cpl vmx smx est tm2 ssse3 cx16 xtpr pdcm pcid sse4_1 sse4_2 x2apic popcnt tsc_deadline_timer aes xsave avx f16c rdrand lahf_lm ida arat epb xsaveopt pln pts dtherm tpr_shadow vnmi flexpriority ept vpid fsgsbase smep erms
bogomips	: 6784.88
clflush size	: 64
cache_alignment	: 64
address sizes	: 36 bits physical, 48 bits virtual
power management:



Memory: 4k page, physical 8130208k(2719056k free), swap 8341840k(8341840k free)

vm_info: Java HotSpot(TM) 64-Bit Server VM (25.5-b02) for linux-amd64 JRE (1.8.0_05-b13), built on Mar 18 2014 00:29:27 by "java_re" with gcc 4.3.0 20080428 (Red Hat 4.3.0-8)

time: Thu Sep  4 15:17:16 2014
elapsed time: 507 seconds

